[2020-07-10 19:34:21.773] [exthost] [info] extension host started
[2020-07-10 19:34:21.857] [exthost] [info] ExtensionService#_doActivateExtension vscode.debug-auto-launch {"startup":true,"extensionId":{"value":"vscode.debug-auto-launch","_lower":"vscode.debug-auto-launch"},"activationEvent":"*"}
[2020-07-10 19:34:21.857] [exthost] [info] ExtensionService#loadCommonJSModule file:///home/coopstudent1/.vscode-server/bin/d5e9aa0227e057a60c82568bf31c04730dc15dcd/extensions/debug-auto-launch/dist/extension
[2020-07-10 19:34:21.860] [exthost] [info] ExtensionService#_doActivateExtension vscode.emmet {"startup":true,"extensionId":{"value":"vscode.emmet","_lower":"vscode.emmet"},"activationEvent":"*"}
[2020-07-10 19:34:21.861] [exthost] [info] ExtensionService#loadCommonJSModule file:///home/coopstudent1/.vscode-server/bin/d5e9aa0227e057a60c82568bf31c04730dc15dcd/extensions/emmet/dist/extension
[2020-07-10 19:34:21.877] [exthost] [info] ExtensionService#_doActivateExtension vscode.git {"startup":true,"extensionId":{"value":"vscode.github","_lower":"vscode.github"},"activationEvent":"*"}
[2020-07-10 19:34:21.877] [exthost] [info] ExtensionService#loadCommonJSModule file:///home/coopstudent1/.vscode-server/bin/d5e9aa0227e057a60c82568bf31c04730dc15dcd/extensions/git/dist/main
[2020-07-10 19:34:21.906] [exthost] [info] ExtensionService#_doActivateExtension vscode.github-authentication {"startup":true,"extensionId":{"value":"vscode.github-authentication","_lower":"vscode.github-authentication"},"activationEvent":"*"}
[2020-07-10 19:34:21.906] [exthost] [info] ExtensionService#loadCommonJSModule file:///home/coopstudent1/.vscode-server/bin/d5e9aa0227e057a60c82568bf31c04730dc15dcd/extensions/github-authentication/dist/extension.js
[2020-07-10 19:34:21.917] [exthost] [info] ExtensionService#_doActivateExtension vscode.merge-conflict {"startup":true,"extensionId":{"value":"vscode.merge-conflict","_lower":"vscode.merge-conflict"},"activationEvent":"*"}
[2020-07-10 19:34:21.917] [exthost] [info] ExtensionService#loadCommonJSModule file:///home/coopstudent1/.vscode-server/bin/d5e9aa0227e057a60c82568bf31c04730dc15dcd/extensions/merge-conflict/dist/mergeConflictMain
[2020-07-10 19:34:21.919] [exthost] [info] ExtensionService#_doActivateExtension vscode.microsoft-authentication {"startup":true,"extensionId":{"value":"vscode.microsoft-authentication","_lower":"vscode.microsoft-authentication"},"activationEvent":"*"}
[2020-07-10 19:34:21.919] [exthost] [info] ExtensionService#loadCommonJSModule file:///home/coopstudent1/.vscode-server/bin/d5e9aa0227e057a60c82568bf31c04730dc15dcd/extensions/microsoft-authentication/dist/extension.js
[2020-07-10 19:34:21.926] [exthost] [info] ExtensionService#_doActivateExtension vscode.search-result {"startup":true,"extensionId":{"value":"vscode.search-result","_lower":"vscode.search-result"},"activationEvent":"*"}
[2020-07-10 19:34:21.926] [exthost] [info] ExtensionService#loadCommonJSModule file:///home/coopstudent1/.vscode-server/bin/d5e9aa0227e057a60c82568bf31c04730dc15dcd/extensions/search-result/dist/extension.js
[2020-07-10 19:34:22.033] [exthost] [info] ExtensionService#_doActivateExtension vscode.github {"startup":true,"extensionId":{"value":"vscode.github","_lower":"vscode.github"},"activationEvent":"*"}
[2020-07-10 19:34:22.033] [exthost] [info] ExtensionService#loadCommonJSModule file:///home/coopstudent1/.vscode-server/bin/d5e9aa0227e057a60c82568bf31c04730dc15dcd/extensions/github/dist/extension.js
[2020-07-10 19:34:22.064] [exthost] [info] eager extensions activated
[2020-07-10 19:34:22.441] [exthost] [info] ExtensionService#_doActivateExtension vscode.configuration-editing {"startup":false,"extensionId":{"value":"vscode.configuration-editing","_lower":"vscode.configuration-editing"},"activationEvent":"onLanguage:jsonc"}
[2020-07-10 19:34:22.441] [exthost] [info] ExtensionService#loadCommonJSModule file:///home/coopstudent1/.vscode-server/bin/d5e9aa0227e057a60c82568bf31c04730dc15dcd/extensions/configuration-editing/dist/configurationEditingMain
[2020-07-10 19:34:22.450] [exthost] [info] ExtensionService#_doActivateExtension vscode.json-language-features {"startup":false,"extensionId":{"value":"vscode.json-language-features","_lower":"vscode.json-language-features"},"activationEvent":"onLanguage:jsonc"}
[2020-07-10 19:34:22.450] [exthost] [info] ExtensionService#loadCommonJSModule file:///home/coopstudent1/.vscode-server/bin/d5e9aa0227e057a60c82568bf31c04730dc15dcd/extensions/json-language-features/client/dist/node/jsonClientMain
[2020-07-10 19:34:22.476] [exthost] [info] ExtensionService#_doActivateExtension vscode.typescript-language-features {"startup":false,"extensionId":{"value":"vscode.typescript-language-features","_lower":"vscode.typescript-language-features"},"activationEvent":"onLanguage:jsonc"}
[2020-07-10 19:34:22.476] [exthost] [info] ExtensionService#loadCommonJSModule file:///home/coopstudent1/.vscode-server/bin/d5e9aa0227e057a60c82568bf31c04730dc15dcd/extensions/typescript-language-features/dist/extension
